
STAMP Structural Alignment of Multiple Proteins

Version 4.4.2 (6th August 2015)
 by Robert B. Russell & Geoffrey J. Barton 
 Please cite PROTEINS, v14, 309-323, 1992

Running roughfit.

    Sc = STAMP score, RMS = RMS deviation, Align = alignment length
    Len1, Len2 = length of domain, Nfit = residues fitted
    Secs = no. equivalent sec. strucs. Eq = no. equivalent residues
    %I = seq. identity, %S = sec. str. identity
    P(m)  = P value (p=1/10) calculated after Murzin (1993), JMB, 230, 689-694
            (NC = P value not calculated - potential FP overflow)

     No.  Domain1         Domain2         Sc     RMS    Len1 Len2  Align NFit Eq. Secs.   %I   %S   P(m)
Pair   1  2wc7A           6f9mA           9.07   0.72    298  293   295  287 285    0  57.19 100.00 4.02e-86 
Pair   2  2wc7A           7wr8A           8.77   0.74    298  292   300  281 280    0  55.71 100.00 3.16e-80 
Pair   3  2wc7A           7y6mC           7.53   1.00    298  290   301  260 258    0  53.49 100.00 3.97e-68 
Pair   4  6f9mA           7wr8A           8.64   0.73    293  292   299  276 275    0  62.55 100.00 9.25e-100 
Pair   5  6f9mA           7y6mC           7.52   0.99    293  290   295  253 251    0  60.56 100.00 1.96e-85 
Pair   6  7wr8A           7y6mC           7.72   0.91    292  290   299  261 259    0  66.41 100.00 0.00e+00 
Reading in matrix file templates.mat...
Doing cluster analysis...
Cluster:  1 (   2wc7A  &    6f9mA ) Sc  9.06 RMS   0.72 Len 295 nfit 287 
 See file templates.1 for the alignment and transformations
Cluster:  2 (   7wr8A  &    2wc7A    6f9mA ) Sc  9.13 RMS   0.68 Len 303 nfit 279 
 See file templates.2 for the alignment and transformations
Cluster:  3 (   7y6mC  &    7wr8A    2wc7A    6f9mA ) Sc  8.59 RMS   0.93 Len 306 nfit 258 
 See file templates.3 for the alignment and transformations
